<?xml version="1.0" encoding="UTF-8"?>
<!-- Generated by org.testng.reporters.JUnitXMLReporter -->
<testsuite ignored="0" hostname="DESKTOP-EGK24DD" failures="0" tests="3" name="Test" time="29.436" errors="0" timestamp="2022-11-21T20:21:30 IST">
  <testcase classname="Medifox_Page_Tests.Login_Page_Test" name="TC1" time="2.855"/>
  <testcase classname="Medifox_Page_Tests.Login_Page_Test" name="TC2" time="9.891"/>
  <testcase classname="Medifox_Page_Tests.Login_Page_Test" name="TC3" time="6.559"/>
</testsuite> <!-- Test -->
